<?xml version="1.0" encoding="UTF-8"?>
<!-- Generated by org.testng.reporters.JUnitReportReporter -->
<testsuite hostname="IBM-Testing09" name="messageModule.NewTest" tests="1" failures="0" timestamp="11 Jun 2018 05:51:37 GMT" time="5.566" errors="0">
  <testcase name="LoggedIn" time="5.566" classname="messageModule.NewTest"/>
</testsuite> <!-- messageModule.NewTest -->
